<?xml version="1.0" encoding="utf-8"?><testsuites><testsuite name="pytest" errors="0" failures="0" skipped="0" tests="44" time="0.368" timestamp="2026-09-19T22:18:50.672356+00:00" hostname="e2b.local"><testcase classname="tests.test_textnorm_features.TextNormalizationTests" name="test_brazilian_currency_does_not_match_only_first_three_digits" time="0.008" /><testcase classname="tests.test_textnorm_features.TextNormalizationTests" name="test_existing_date_time_identifiers_and_units" time="0.001" /><testcase classname="tests.test_textnorm_features.TextNormalizationTests" name="test_language_aliases" time="0.003" /><testcase classname="tests.test_textnorm_features.TextNormalizationTests" name="test_legal_abbreviations_are_not_guessed" time="0.002" /><testcase classname="tests.test_textnorm_features.TextNormalizationTests" name="test_optional_num2words_unavailable_keeps_numbers" time="0.001" /><testcase classname="tests.test_textnorm_features.TextNormalizationTests" name="test_roman_only_in_explicit_structural_context" time="0.002" /><testcase classname="tests.test_textnorm_features.TextNormalizationTests" name="test_temperature_precedes_ordinals" time="0.002" /><testcase classname="tests.test_textnorm_features.EdgeCleaningTests" name="test_body_match_protects_the_same_line_at_edge" time="0.001" /><testcase classname="tests.test_textnorm_features.EdgeCleaningTests" name="test_explicit_page_label_only_removed_at_edge" time="0.001" /><testcase classname="tests.test_textnorm_features.EdgeCleaningTests" name="test_no_accidental_second_line_header_removal" time="0.000" /><testcase classname="tests.test_textnorm_features.EdgeCleaningTests" name="test_numbers_in_body_and_edges_are_preserved" time="0.000" /><testcase classname="tests.test_textnorm_features.EdgeCleaningTests" name="test_repeated_headers_removed_only_at_outer_edge" time="0.000" /><testcase classname="tests.test_textnorm_features.EdgeCleaningTests" name="test_short_pages_and_empty_pages_preserved" time="0.001" /><testcase classname="tests.test_document_features.EpubTests" name="test_crc_corruption_is_rejected" time="0.002" /><testcase classname="tests.test_document_features.EpubTests" name="test_deep_xhtml_does_not_recurse" time="0.013" /><testcase classname="tests.test_document_features.EpubTests" name="test_dtd_and_entities_rejected_in_every_xml_layer" time="0.005" /><testcase classname="tests.test_document_features.EpubTests" name="test_duplicate_members_rejected" time="0.001" /><testcase classname="tests.test_document_features.EpubTests" name="test_empty_epub_rejected" time="0.001" /><testcase classname="tests.test_document_features.EpubTests" name="test_encryption_flag_and_unsupported_compression_rejected" time="0.002" /><testcase classname="tests.test_document_features.EpubTests" name="test_excess_entries_rejected_before_zipfile_allocates_objects" time="0.001" /><testcase classname="tests.test_document_features.EpubTests" name="test_forged_entry_count_rejected_before_zipfile_allocates_objects" time="0.001" /><testcase classname="tests.test_document_features.EpubTests" name="test_heading_fallback_and_hidden_content" time="0.001" /><testcase classname="tests.test_document_features.EpubTests" name="test_invalid_limits_rejected" time="0.000" /><testcase classname="tests.test_document_features.EpubTests" name="test_limits_cover_archive_entries_member_total_ratio_text_spine" time="0.005" /><testcase classname="tests.test_document_features.EpubTests" name="test_malformed_zip_mimetype_xml_members_and_spine" time="0.005" /><testcase classname="tests.test_document_features.EpubTests" name="test_nested_and_percent_encoded_safe_paths" time="0.002" /><testcase classname="tests.test_document_features.EpubTests" name="test_nested_hidden_headings_and_tail_do_not_become_title" time="0.002" /><testcase classname="tests.test_document_features.EpubTests" name="test_nothing_is_extracted_to_disk" time="0.002" /><testcase classname="tests.test_document_features.EpubTests" name="test_references_cannot_escape_or_use_network" time="0.006" /><testcase classname="tests.test_document_features.EpubTests" name="test_spine_order_chapters_metadata_and_offsets" time="0.002" /><testcase classname="tests.test_document_features.EpubTests" name="test_zip_traversal_absolute_backslash_and_symlink_rejected" time="0.003" /><testcase classname="tests.test_document_features.M4BTests" name="test_builds_safe_argv_and_chapter_metadata" time="0.002" /><testcase classname="tests.test_document_features.M4BTests" name="test_existing_target_never_overwritten" time="0.001" /><testcase classname="tests.test_document_features.M4BTests" name="test_fake_success_without_valid_container_is_rejected" time="0.002" /><testcase classname="tests.test_document_features.M4BTests" name="test_ffmpeg_unavailable" time="0.001" /><testcase classname="tests.test_document_features.M4BTests" name="test_input_timeout_chapters_and_cover_validation" time="0.002" /><testcase classname="tests.test_document_features.M4BTests" name="test_metadata_escaping_and_validation" time="0.001" /><testcase classname="tests.test_document_features.M4BTests" name="test_optional_cover_mapping" time="0.002" /><testcase classname="tests.test_document_features.M4BTests" name="test_output_symlink_not_followed" time="0.001" /><testcase classname="tests.test_document_features.M4BTests" name="test_racing_writer_is_not_overwritten" time="0.002" /><testcase classname="tests.test_document_features.M4BTests" name="test_timeout_and_process_failure_leave_no_artifacts" time="0.003" /><testcase classname="tests.test_document_features.RealFFmpegTests" name="test_real_m4b_encodes_audio_metadata_chapters_and_cover" time="0.035" /><testcase classname="tests.test_document_features.RealFFmpegTests" name="test_real_m4b_without_cover_or_chapters" time="0.023" /><testcase classname="tests.test_document_features.RealFFmpegTests" name="test_real_timeout_kills_process_and_cleans_up" time="0.103" /></testsuite></testsuites>